SF:lib/app/models/article_model.dart
DA:10,1
DA:22,0
DA:24,0
DA:26,2
DA:27,1
DA:28,1
DA:29,1
DA:30,6
DA:33,0
DA:34,0
DA:35,0
DA:36,0
DA:37,0
DA:42,1
DA:90,0
DA:92,0
DA:94,2
DA:95,1
DA:96,1
DA:97,1
DA:98,1
DA:99,1
DA:100,3
DA:101,3
DA:102,1
DA:103,1
DA:104,1
DA:105,1
DA:106,1
DA:107,1
DA:108,1
DA:109,1
DA:110,1
DA:111,5
DA:112,5
DA:113,5
DA:114,5
DA:115,6
DA:116,1
DA:119,0
DA:120,0
DA:121,0
DA:122,0
DA:123,0
DA:124,0
DA:126,0
DA:127,0
DA:128,0
DA:129,0
DA:130,0
DA:131,0
DA:132,0
DA:133,0
DA:134,0
DA:135,0
DA:136,0
DA:137,0
DA:138,0
DA:139,0
DA:140,0
DA:141,0
DA:142,0
DA:145,0
DA:147,0
DA:148,0
DA:149,0
DA:154,0
DA:156,0
DA:157,0
DA:158,0
DA:165,1
DA:181,0
DA:183,0
DA:185,2
DA:186,1
DA:187,1
DA:188,1
DA:189,1
DA:190,1
DA:191,1
DA:192,0
DA:193,5
DA:196,0
DA:197,0
DA:198,0
DA:199,0
DA:200,0
DA:201,0
DA:202,0
DA:207,1
DA:219,0
DA:221,0
DA:223,2
DA:224,1
DA:225,1
DA:226,1
DA:227,1
DA:230,0
DA:231,0
DA:232,0
DA:233,0
DA:234,0
LF:102
LH:45
end_of_record
SF:lib/app/modules/home/controllers/home_controller.dart
DA:9,1
DA:11,1
DA:12,1
DA:15,1
DA:16,1
DA:19,1
DA:20,4
DA:24,3
DA:25,2
LF:9
LH:9
end_of_record
SF:lib/app/services/api_client.dart
DA:13,1
DA:15,3
DA:17,1
DA:19,4
DA:20,1
DA:21,0
DA:22,0
DA:23,0
DA:24,0
DA:25,0
DA:26,0
DA:29,3
DA:33,0
DA:34,0
DA:35,0
DA:36,0
DA:37,0
DA:40,0
DA:41,0
DA:42,0
DA:43,0
DA:44,0
DA:45,0
DA:46,0
DA:47,0
DA:52,1
DA:53,4
DA:54,1
DA:55,1
DA:57,2
DA:58,0
DA:60,3
DA:63,0
DA:64,0
DA:65,0
DA:66,0
DA:67,0
DA:68,0
DA:69,0
DA:70,0
DA:71,0
DA:75,0
DA:76,0
DA:80,0
LF:44
LH:12
end_of_record
SF:lib/app/services/app_exceptions.dart
DA:8,0
DA:10,0
DA:16,0
DA:18,0
DA:23,0
DA:27,0
DA:31,0
DA:35,0
DA:39,0
LF:9
LH:0
end_of_record
