SF:lib/app/models/article_model.dart
DA:5,1
DA:17,0
DA:19,0
DA:21,2
DA:22,1
DA:23,1
DA:24,1
DA:25,6
DA:28,0
DA:29,0
DA:30,0
DA:31,0
DA:32,0
DA:37,3
DA:89,0
DA:91,0
DA:93,2
DA:94,1
DA:95,1
DA:96,1
DA:97,1
DA:98,1
DA:99,3
DA:100,3
DA:101,1
DA:102,1
DA:103,1
DA:104,1
DA:105,1
DA:106,1
DA:107,1
DA:108,1
DA:109,1
DA:110,5
DA:111,5
DA:112,5
DA:113,5
DA:114,6
DA:115,1
DA:118,0
DA:119,0
DA:120,0
DA:121,0
DA:122,0
DA:123,0
DA:125,0
DA:126,0
DA:127,0
DA:128,0
DA:129,0
DA:130,0
DA:131,0
DA:132,0
DA:133,0
DA:134,0
DA:135,0
DA:136,0
DA:137,0
DA:138,0
DA:139,0
DA:140,0
DA:141,0
DA:145,2
DA:147,4
DA:148,8
DA:149,3
DA:151,2
DA:156,2
DA:158,4
DA:159,8
DA:160,3
DA:162,4
DA:168,3
DA:184,0
DA:186,0
DA:188,2
DA:189,1
DA:190,1
DA:191,1
DA:192,1
DA:193,1
DA:194,1
DA:195,0
DA:196,5
DA:199,0
DA:200,0
DA:201,0
DA:202,0
DA:203,0
DA:204,0
DA:205,0
DA:210,1
DA:222,0
DA:224,0
DA:226,2
DA:227,1
DA:228,1
DA:229,1
DA:230,1
DA:233,0
DA:234,0
DA:235,0
DA:236,0
DA:237,0
LF:104
LH:55
end_of_record
SF:lib/app/widgets/articles/article_list_item.dart
DA:12,2
DA:16,1
DA:18,3
DA:20,1
DA:21,0
DA:23,0
DA:24,0
DA:25,0
DA:29,1
DA:31,1
DA:32,1
DA:33,1
DA:34,1
DA:35,1
DA:36,3
DA:38,1
DA:39,1
DA:41,1
DA:44,1
DA:45,1
DA:46,2
DA:51,1
DA:53,1
DA:54,1
DA:55,2
DA:60,1
DA:62,1
DA:63,1
DA:64,1
DA:65,2
DA:71,1
DA:72,1
DA:73,1
DA:82,1
DA:83,3
LF:35
LH:31
end_of_record
SF:lib/app/utils/date_util.dart
DA:5,2
DA:7,0
DA:8,0
LF:3
LH:1
end_of_record
SF:lib/app/widgets/articles/article_detail.dart
DA:9,2
DA:13,1
DA:15,1
DA:16,1
DA:19,1
DA:20,1
DA:21,1
DA:23,1
DA:24,2
DA:28,3
DA:29,1
DA:31,3
DA:36,1
DA:38,1
DA:40,1
DA:41,1
DA:42,1
DA:43,2
DA:47,1
DA:48,1
DA:54,1
DA:55,3
LF:22
LH:22
end_of_record
SF:lib/app/modules/home/controllers/home_controller.dart
DA:10,1
DA:12,1
DA:13,1
DA:17,1
DA:18,1
DA:22,1
DA:23,4
DA:27,3
DA:28,2
LF:9
LH:9
end_of_record
SF:lib/app/services/api_client.dart
DA:15,1
DA:17,3
DA:19,1
DA:21,4
DA:22,1
DA:23,0
DA:24,0
DA:25,0
DA:26,0
DA:27,0
DA:28,0
DA:31,3
DA:36,0
DA:37,0
DA:38,0
DA:39,0
DA:40,0
DA:43,0
DA:44,0
DA:45,0
DA:46,0
DA:47,0
DA:48,0
DA:49,0
DA:50,0
DA:56,1
DA:57,4
DA:58,1
DA:59,1
DA:61,2
DA:62,0
DA:64,3
DA:67,0
DA:68,0
DA:69,0
DA:70,0
DA:71,0
DA:72,0
DA:73,0
DA:74,0
DA:75,0
DA:79,0
DA:80,0
DA:84,0
LF:44
LH:12
end_of_record
SF:lib/app/services/app_exceptions.dart
DA:9,0
DA:11,0
DA:17,0
DA:19,0
DA:24,0
DA:28,0
DA:32,0
DA:36,0
DA:40,0
LF:9
LH:0
end_of_record
